SF:lib\data\weather\models\weather_model.dart
DA:4,0
DA:10,0
DA:11,0
DA:12,0
DA:13,0
DA:14,0
DA:18,0
DA:19,0
DA:20,0
DA:21,0
DA:23,0
DA:24,0
DA:26,0
LF:13
LH:0
end_of_record
SF:lib\data\weather\repositories\weather_repository_impl.dart
DA:10,0
DA:12,0
DA:15,0
DA:16,0
DA:19,0
LF:5
LH:0
end_of_record
SF:lib\data\weather\services\weather_cache_service.dart
DA:8,0
DA:9,0
DA:10,0
DA:11,0
DA:14,0
DA:15,0
DA:16,0
DA:18,0
DA:20,0
LF:9
LH:0
end_of_record
SF:lib\data\weather\services\weather_service.dart
DA:9,0
DA:11,0
DA:12,0
DA:13,0
DA:14,0
DA:17,0
DA:19,0
LF:7
LH:0
end_of_record
SF:lib\domain\weather\entities\weather.dart
DA:8,1
DA:11,2
DA:17,0
DA:19,0
LF:4
LH:2
end_of_record
SF:lib\application\weather\weather_notifier.dart
DA:11,1
DA:12,1
DA:13,1
DA:14,1
DA:18,0
DA:20,0
DA:21,0
DA:22,0
DA:24,0
DA:29,0
DA:30,0
DA:31,0
DA:32,0
DA:35,0
DA:36,0
DA:37,0
DA:38,0
DA:41,0
DA:42,0
DA:45,0
DA:46,0
LF:21
LH:4
end_of_record
SF:lib\domain\weather\exceptions\weather_exceptions.dart
DA:9,0
DA:11,0
DA:12,0
DA:16,0
DA:20,0
LF:5
LH:0
end_of_record
